[debug] [2024-03-12T10:59:49.158Z] ----------------------------------------------------------------------
[debug] [2024-03-12T10:59:49.160Z] Command:       /home/dev/.nvm/versions/node/v18.17.0/bin/node /home/dev/.nvm/versions/node/v18.17.0/bin/firebase init
[debug] [2024-03-12T10:59:49.161Z] CLI Version:   13.4.1
[debug] [2024-03-12T10:59:49.161Z] Platform:      linux
[debug] [2024-03-12T10:59:49.161Z] Node Version:  v18.17.0
[debug] [2024-03-12T10:59:49.162Z] Time:          Tue Mar 12 2024 16:29:49 GMT+0530 (India Standard Time)
[debug] [2024-03-12T10:59:49.162Z] ----------------------------------------------------------------------
[debug] 
[debug] [2024-03-12T10:59:49.167Z] > command requires scopes: ["email","openid","https://www.googleapis.com/auth/cloudplatformprojects.readonly","https://www.googleapis.com/auth/firebase","https://www.googleapis.com/auth/cloud-platform"]
[debug] [2024-03-12T10:59:49.168Z] > authorizing via signed-in user (tarakaramadevi@gmail.com)
[info] 
     ######## #### ########  ######## ########     ###     ######  ########
     ##        ##  ##     ## ##       ##     ##  ##   ##  ##       ##
     ######    ##  ########  ######   ########  #########  ######  ######
     ##        ##  ##    ##  ##       ##     ## ##     ##       ## ##
     ##       #### ##     ## ######## ########  ##     ##  ######  ########

You're about to initialize a Firebase project in this directory:

  /home/dev/task

[info] 
=== Project Setup
[info] 
[info] First, let's associate this project directory with a Firebase project.
[info] You can create multiple project aliases by running firebase use --add, 
[info] but for now we'll just set up a default project.
[info] 
[info] i  If you want to create a project in a Google Cloud organization or folder, please use "firebase projects:create" instead, and return to this command when you've created the project. 
[debug] [2024-03-12T11:03:07.592Z] >>> [apiv2][query] POST https://cloudresourcemanager.googleapis.com/v1/projects [none]
[debug] [2024-03-12T11:03:07.593Z] >>> [apiv2][body] POST https://cloudresourcemanager.googleapis.com/v1/projects {"projectId":"interviewtask1","name":"interviewtask1"}
[debug] [2024-03-12T11:03:09.545Z] <<< [apiv2][status] POST https://cloudresourcemanager.googleapis.com/v1/projects 200
[debug] [2024-03-12T11:03:09.545Z] <<< [apiv2][body] POST https://cloudresourcemanager.googleapis.com/v1/projects {"name":"operations/cp.8341586631616905459"}
[debug] [2024-03-12T11:03:09.547Z] >>> [apiv2][query] GET https://cloudresourcemanager.googleapis.com/v1/operations/cp.8341586631616905459 [none]
[debug] [2024-03-12T11:03:11.463Z] <<< [apiv2][status] GET https://cloudresourcemanager.googleapis.com/v1/operations/cp.8341586631616905459 200
[debug] [2024-03-12T11:03:11.464Z] <<< [apiv2][body] GET https://cloudresourcemanager.googleapis.com/v1/operations/cp.8341586631616905459 {"name":"operations/cp.8341586631616905459","metadata":{"@type":"type.googleapis.com/google.cloudresourcemanager.v1.ProjectCreationStatus","ready":true},"done":true,"error":{"code":9,"message":"Callers must accept Terms of Service","details":[{"@type":"type.googleapis.com/google.rpc.PreconditionFailure","violations":[{"type":"TOS","subject":"cloud","description":"Callers must accept Terms of Service"}]}]}}
[debug] [2024-03-12T11:03:11.667Z] FirebaseError: Callers must accept Terms of Service
    at OperationPoller.poll (/home/dev/.nvm/versions/node/v18.17.0/lib/node_modules/firebase-tools/lib/operation-poller.js:24:19)
    at process.processTicksAndRejections (node:internal/process/task_queues:95:5)
    at async createCloudProject (/home/dev/.nvm/versions/node/v18.17.0/lib/node_modules/firebase-tools/lib/management/projects.js:186:29)
    at async createFirebaseProjectAndLog (/home/dev/.nvm/versions/node/v18.17.0/lib/node_modules/firebase-tools/lib/management/projects.js:45:9)
    at async promptAndCreateNewProject (/home/dev/.nvm/versions/node/v18.17.0/lib/node_modules/firebase-tools/lib/init/features/project.js:32:12)
    at async doSetup (/home/dev/.nvm/versions/node/v18.17.0/lib/node_modules/firebase-tools/lib/init/features/project.js:88:27)
    at async init (/home/dev/.nvm/versions/node/v18.17.0/lib/node_modules/firebase-tools/lib/init/index.js:37:9)
[error] 
[error] Error: Failed to create project. See firebase-debug.log for more info.
